Arguments: 
  C:\Program Files\nodejs\node.exe C:\Users\sunshine\AppData\Roaming\npm\node_modules\yarn\bin\yarn.js install

PATH: 
  C:\Program Files (x86)\Common Files\Oracle\Java\javapath;C:\Program Files (x86)\Parallels\Parallels Tools\Applications;C:\Windows\system32;C:\Windows;C:\Windows\System32\Wbem;C:\Windows\System32\WindowsPowerShell\v1.0\;C:\Windows\System32\OpenSSH\;C:\Program Files\Git\cmd;C:\Program Files\PuTTY\;C:\Program Files\MongoDB\Server\4.2\bin\;C:\Users\sunshine\AppData\Roaming\nvm;C:\Program Files\nodejs;C:\Users\sunshine\AppData\Local\Microsoft\WindowsApps;C:\Users\sunshine\AppData\Local\Programs\Microsoft VS Code\bin;C:\Users\sunshine\AppData\Roaming\npm;C:\Users\sunshine\AppData\Roaming\nvm;C:\Program Files\nodejs;C:\openjdk-14.0.2_windows-x64_bin\jdk-14.0.2\bin;

Yarn version: 
  1.22.10

Node version: 
  12.13.1

Platform: 
  win32 x64

Trace: 
  SyntaxError: Z:\Desktop\New Folder With Items\Working\Trevor\oddssharkNodeScraping\server\package.json: Unexpected token } in JSON at position 307
      at JSON.parse (<anonymous>)
      at C:\Users\sunshine\AppData\Roaming\npm\node_modules\yarn\lib\cli.js:1625:59
      at Generator.next (<anonymous>)
      at step (C:\Users\sunshine\AppData\Roaming\npm\node_modules\yarn\lib\cli.js:310:30)
      at C:\Users\sunshine\AppData\Roaming\npm\node_modules\yarn\lib\cli.js:321:13

npm manifest: 
  {
    "name": "node-scraping",
    "version": "1.0.0",
    "description": "",
    "main": "index.js",
    "scripts": {
      "test": "echo \"Error: no test specified\" && exit 1"
    },
    "author": "",
    "license": "ISC",
    "dependencies": {
      "lodash": "^4.17.20",
      "mysql": "^2.18.1",
      "puppeteer": "^5.2.1",
    }
  }

yarn manifest: 
  No manifest

Lockfile: 
  No lockfile
